This file contains any messages produced by compilers while
running configure, to aid debugging if configure makes a mistake.

configure:558: checking for a BSD compatible install
configure:611: checking whether build environment is sane
configure:668: checking whether make sets ${MAKE}
configure:714: checking for working aclocal
configure:727: checking for working autoconf
configure:740: checking for working automake
configure:753: checking for working autoheader
configure:766: checking for working makeinfo
configure:786: checking for gcc
configure:899: checking whether the C compiler (gcc  ) works
configure:915: gcc -o conftest    conftest.c  1>&5
configure:941: checking whether the C compiler (gcc  ) is a cross-compiler
configure:946: checking whether we are using GNU C
configure:955: gcc -E conftest.c
configure:974: checking whether gcc accepts -g
configure:1012: checking for ranlib
configure:1042: checking how to run the C preprocessor
configure:1063: gcc -E  conftest.c >/dev/null 2>conftest.out
configure:1122: checking for ANSI C header files
configure:1135: gcc -E  conftest.c >/dev/null 2>conftest.out
configure:1202: gcc -o conftest  -g -O2 -Wall   conftest.c  1>&5
configure: In function `main':
configure:1197: warning: implicit declaration of function `exit'
configure:1229: checking for fcntl.h
configure:1239: gcc -E  conftest.c >/dev/null 2>conftest.out
configure:1229: checking for limits.h
configure:1239: gcc -E  conftest.c >/dev/null 2>conftest.out
configure:1229: checking for malloc.h
configure:1239: gcc -E  conftest.c >/dev/null 2>conftest.out
configure:1229: checking for sys/ioctl.h
configure:1239: gcc -E  conftest.c >/dev/null 2>conftest.out
configure:1229: checking for unistd.h
configure:1239: gcc -E  conftest.c >/dev/null 2>conftest.out
configure:1267: checking for working const
configure:1321: gcc -c  -g -O2 -Wall  conftest.c 1>&5
configure: In function `main':
configure:1295: warning: unused variable `s'
configure:1315: warning: unused variable `foo'
configure:1277: warning: unused variable `x'
configure:1283: warning: unused variable `zero'
configure:1294: warning: `t' might be used uninitialized in this function
configure:1312: warning: `b' might be used uninitialized in this function
configure:1342: checking for inline
configure:1356: gcc -c  -g -O2 -Wall  conftest.c 1>&5
configure: In function `main':
configure:1352: warning: control reaches end of non-void function
configure: At top level:
configure:1352: warning: return type defaults to `int'
configure:1382: checking for size_t
configure:1415: checking for st_rdev in struct stat
configure:1428: gcc -c  -g -O2 -Wall  conftest.c 1>&5
configure: In function `main':
configure:1424: warning: statement with no effect
configure:1451: checking whether gcc needs -traditional
configure:1497: checking for 8-bit clean memcmp
configure:1515: gcc -o conftest  -g -O2 -Wall   conftest.c  1>&5
configure:1508: warning: return type defaults to `int'
configure: In function `main':
configure:1510: warning: implicit declaration of function `exit'
configure:1510: warning: implicit declaration of function `memcmp'
configure:1533: checking for strftime
configure:1561: gcc -o conftest  -g -O2 -Wall   conftest.c  1>&5
configure:1629: checking for vprintf
configure:1657: gcc -o conftest  -g -O2 -Wall   conftest.c  1>&5
configure:1736: checking for strerror
configure:1764: gcc -o conftest  -g -O2 -Wall   conftest.c  1>&5
configure:1736: checking for strstr
configure:1764: gcc -o conftest  -g -O2 -Wall   conftest.c  1>&5
configure:1748: warning: conflicting types for built-in function `strstr'
configure:1736: checking for strtol
configure:1764: gcc -o conftest  -g -O2 -Wall   conftest.c  1>&5
