This file contains any messages produced by compilers while
running configure, to aid debugging if configure makes a mistake.

configure:637: checking host system type
configure:671: checking for gcc
configure:784: checking whether the C compiler (cc  ) works
configure:800: cc -o conftest    conftest.c  1>&5
configure:826: checking whether the C compiler (cc  ) is a cross-compiler
configure:831: checking whether we are using GNU C
configure:840: cc -E conftest.c
configure:859: checking whether cc accepts -g
configure:908: checking how to run the C preprocessor
configure:929: cc -E  conftest.c >/dev/null 2>conftest.out
configure:989: checking for linux/fs.h
configure:999: cc -E  conftest.c >/dev/null 2>conftest.out
configure:1375: checking whether make sets ${MAKE}
configure:1404: checking for ranlib
configure:1432: checking for POSIXized ISC
configure:1453: checking for ANSI C header files
configure:1466: cc -E  conftest.c >/dev/null 2>conftest.out
configure:1533: cc -o conftest -g -O2   conftest.c  1>&5
configure:1557: checking for working const
configure:1611: cc -c -g -O2  conftest.c 1>&5
configure:1632: checking for inline
configure:1646: cc -c -g -O2  conftest.c 1>&5
configure:1672: checking for off_t
configure:1705: checking for size_t
configure:1740: checking for working alloca.h
configure:1752: cc -o conftest -g -O2   conftest.c  1>&5
configure:1773: checking for alloca
configure:1806: cc -o conftest -g -O2   conftest.c  1>&5
configure:1975: checking for unistd.h
configure:1985: cc -E  conftest.c >/dev/null 2>conftest.out
configure:2014: checking for getpagesize
configure:2042: cc -o conftest -g -O2   conftest.c  1>&5
configure:2067: checking for working mmap
configure:2215: cc -o conftest -g -O2   conftest.c  1>&5
configure:2243: checking for argz.h
configure:2253: cc -E  conftest.c >/dev/null 2>conftest.out
configure:2243: checking for limits.h
configure:2253: cc -E  conftest.c >/dev/null 2>conftest.out
configure:2243: checking for locale.h
configure:2253: cc -E  conftest.c >/dev/null 2>conftest.out
configure:2243: checking for nl_types.h
configure:2253: cc -E  conftest.c >/dev/null 2>conftest.out
configure:2243: checking for malloc.h
configure:2253: cc -E  conftest.c >/dev/null 2>conftest.out
configure:2243: checking for string.h
configure:2253: cc -E  conftest.c >/dev/null 2>conftest.out
configure:2243: checking for unistd.h
configure:2243: checking for sys/param.h
configure:2253: cc -E  conftest.c >/dev/null 2>conftest.out
configure:2283: checking for getcwd
configure:2311: cc -o conftest -g -O2   conftest.c  1>&5
configure:2283: checking for munmap
configure:2311: cc -o conftest -g -O2   conftest.c  1>&5
configure:2283: checking for putenv
configure:2311: cc -o conftest -g -O2   conftest.c  1>&5
configure:2283: checking for setenv
configure:2311: cc -o conftest -g -O2   conftest.c  1>&5
configure:2283: checking for setlocale
configure:2311: cc -o conftest -g -O2   conftest.c  1>&5
configure:2283: checking for strchr
configure:2311: cc -o conftest -g -O2   conftest.c  1>&5
configure:2283: checking for strcasecmp
configure:2311: cc -o conftest -g -O2   conftest.c  1>&5
configure:2283: checking for strdup
configure:2311: cc -o conftest -g -O2   conftest.c  1>&5
configure:2283: checking for __argz_count
configure:2311: cc -o conftest -g -O2   conftest.c  1>&5
configure:2283: checking for __argz_stringify
configure:2311: cc -o conftest -g -O2   conftest.c  1>&5
configure:2283: checking for __argz_next
configure:2311: cc -o conftest -g -O2   conftest.c  1>&5
configure:2340: checking for stpcpy
configure:2368: cc -o conftest -g -O2   conftest.c  1>&5
configure:2402: checking for LC_MESSAGES
configure:2414: cc -o conftest -g -O2   conftest.c  1>&5
configure:2435: checking whether NLS is requested
configure:3354: checking whether make sets ${MAKE}
configure:3383: checking for ln
configure:3417: checking whether ln -s works
configure:3440: checking for mv
configure:3476: checking for cp
configure:3512: checking for rm
configure:3548: checking for chmod
configure:3584: checking for awk
configure:3620: checking for sed
configure:3656: checking for perl
configure:3692: checking for ldconfig
configure:3726: checking build system type
configure:3752: checking for ar
configure:3819: checking for ranlib
configure:3886: checking for strip
configure:3962: checking for a BSD compatible install
configure:4058: checking for stdlib.h
configure:4068: cc -E  conftest.c >/dev/null 2>conftest.out
configure:4058: checking for unistd.h
configure:4058: checking for stdarg.h
configure:4068: cc -E  conftest.c >/dev/null 2>conftest.out
configure:4058: checking for errno.h
configure:4068: cc -E  conftest.c >/dev/null 2>conftest.out
configure:4058: checking for malloc.h
configure:4058: checking for mntent.h
configure:4068: cc -E  conftest.c >/dev/null 2>conftest.out
configure:4058: checking for paths.h
configure:4068: cc -E  conftest.c >/dev/null 2>conftest.out
configure:4058: checking for dirent.h
configure:4068: cc -E  conftest.c >/dev/null 2>conftest.out
configure:4058: checking for getopt.h
configure:4068: cc -E  conftest.c >/dev/null 2>conftest.out
configure:4058: checking for setjmp.h
configure:4068: cc -E  conftest.c >/dev/null 2>conftest.out
configure:4058: checking for signal.h
configure:4068: cc -E  conftest.c >/dev/null 2>conftest.out
configure:4058: checking for termios.h
configure:4068: cc -E  conftest.c >/dev/null 2>conftest.out
configure:4058: checking for linux/fd.h
configure:4068: cc -E  conftest.c >/dev/null 2>conftest.out
configure:4058: checking for linux/major.h
configure:4068: cc -E  conftest.c >/dev/null 2>conftest.out
configure:4058: checking for sys/disklabel.h
configure:4068: cc -E  conftest.c >/dev/null 2>conftest.out
configure:4064: sys/disklabel.h: No such file or directory
configure: failed program was:
#line 4063 "configure"
#include "confdefs.h"
#include <sys/disklabel.h>
configure:4058: checking for sys/ioctl.h
configure:4068: cc -E  conftest.c >/dev/null 2>conftest.out
configure:4058: checking for sys/mkdev.h
configure:4068: cc -E  conftest.c >/dev/null 2>conftest.out
configure:4064: sys/mkdev.h: No such file or directory
configure: failed program was:
#line 4063 "configure"
#include "confdefs.h"
#include <sys/mkdev.h>
configure:4058: checking for sys/mount.h
configure:4068: cc -E  conftest.c >/dev/null 2>conftest.out
configure:4058: checking for sys/sockio.h
configure:4068: cc -E  conftest.c >/dev/null 2>conftest.out
configure:4064: sys/sockio.h: No such file or directory
configure: failed program was:
#line 4063 "configure"
#include "confdefs.h"
#include <sys/sockio.h>
configure:4058: checking for sys/sysmacros.h
configure:4068: cc -E  conftest.c >/dev/null 2>conftest.out
configure:4058: checking for sys/time.h
configure:4068: cc -E  conftest.c >/dev/null 2>conftest.out
configure:4058: checking for sys/stat.h
configure:4068: cc -E  conftest.c >/dev/null 2>conftest.out
configure:4058: checking for sys/types.h
configure:4068: cc -E  conftest.c >/dev/null 2>conftest.out
configure:4058: checking for net/if.h
configure:4068: cc -E  conftest.c >/dev/null 2>conftest.out
configure:4058: checking for netinet/in.h
configure:4068: cc -E  conftest.c >/dev/null 2>conftest.out
configure:4095: checking for vprintf
configure:4123: cc -o conftest -g -O2   conftest.c  1>&5
configure:4200: checking whether struct dirent has a d_namlen field
configure:4213: cc -c -g -O2  conftest.c 1>&5
configure: In function `main':
configure:4209: structure has no member named `d_namlen'
configure: failed program was:
#line 4205 "configure"
#include "confdefs.h"
#include <sys/types.h>
#include <dirent.h>
int main() {
struct dirent de; de.d_namlen = 0;
; return 0; }
configure:4233: checking whether llseek declared in unistd.h
configure:4245: cc -c -g -O2  conftest.c 1>&5
configure:4265: checking whether lseek64 declared in unistd.h
configure:4279: cc -c -g -O2  conftest.c 1>&5
configure: In function `main':
configure:4275: conflicting types for `lseek64'
/usr/include/unistd.h:302: previous declaration of `lseek64'
configure:4275: warning: extern declaration of `lseek64' doesn't match global one
configure: failed program was:
#line 4270 "configure"
#include "confdefs.h"
#define _LARGEFILE_SOURCE
#define _LARGEFILE64_SOURCE
#include <unistd.h>
int main() {
extern int lseek64(int);
; return 0; }
configure:4307: checking size of short
configure:4327: cc -o conftest -g -O2   conftest.c  1>&5
configure:4347: checking size of int
configure:4367: cc -o conftest -g -O2   conftest.c  1>&5
configure:4387: checking size of long
configure:4407: cc -o conftest -g -O2   conftest.c  1>&5
configure:4427: checking size of long long
configure:4447: cc -o conftest -g -O2   conftest.c  1>&5
configure:4475: checking whether byte ordering is bigendian
configure:4493: cc -c -g -O2  conftest.c 1>&5
configure:4508: cc -c -g -O2  conftest.c 1>&5
configure: In function `main':
configure:4503: `not' undeclared (first use in this function)
configure:4503: (Each undeclared identifier is reported only once
configure:4503: for each function it appears in.)
configure:4503: parse error before `big'
configure: failed program was:
#line 4497 "configure"
#include "confdefs.h"
#include <sys/types.h>
#include <sys/param.h>
int main() {

#if BYTE_ORDER != BIG_ENDIAN
 not big endian
#endif
; return 0; }
configure:4565: checking whether struct stat has a st_flags field
configure:4577: cc -c -g -O2  conftest.c 1>&5
configure: In function `main':
configure:4573: structure has no member named `st_flags'
configure: failed program was:
#line 4570 "configure"
#include "confdefs.h"
#include <sys/stat.h>
int main() {
struct stat stat; stat.st_flags = 0;
; return 0; }
configure:4627: checking for chflags
configure:4655: cc -o conftest -g -O2   conftest.c  1>&5
configure: In function `main':
configure:4647: `choke' undeclared (first use in this function)
configure:4647: (Each undeclared identifier is reported only once
configure:4647: for each function it appears in.)
configure:4647: parse error before `me'
configure: failed program was:
#line 4632 "configure"
#include "confdefs.h"
/* System header to define __stub macros and hopefully few prototypes,
    which can conflict with char chflags(); below.  */
#include <assert.h>
/* Override any gcc2 internal prototype to avoid an error.  */
/* We use char because int might match the return type of a gcc2
    builtin and then its argument prototype would still apply.  */
char chflags();

int main() {

/* The GNU C library defines this for functions which it implements
    to always fail with ENOSYS.  Some functions are actually named
    something starting with __ and the normal name is an alias.  */
#if defined (__stub_chflags) || defined (__stub___chflags)
choke me
#else
chflags();
#endif

; return 0; }
configure:4627: checking for getrusage
configure:4655: cc -o conftest -g -O2   conftest.c  1>&5
configure:4627: checking for llseek
configure:4655: cc -o conftest -g -O2   conftest.c  1>&5
/tmp/cc1QoQgU.o: In function `main':
/home/cvs/revimage/revimage/e2fsprogs-1.22/configure:4649: the `llseek' function may be dangerous; use `lseek64' instead.
configure:4627: checking for lseek64
configure:4655: cc -o conftest -g -O2   conftest.c  1>&5
configure:4627: checking for open64
configure:4655: cc -o conftest -g -O2   conftest.c  1>&5
configure:4627: checking for strdup
configure:4627: checking for getmntinfo
configure:4655: cc -o conftest -g -O2   conftest.c  1>&5
/tmp/ccsyLFAd.o: In function `main':
/home/cvs/revimage/revimage/e2fsprogs-1.22/configure:4649: undefined reference to `getmntinfo'
collect2: ld returned 1 exit status
configure: failed program was:
#line 4632 "configure"
#include "confdefs.h"
/* System header to define __stub macros and hopefully few prototypes,
    which can conflict with char getmntinfo(); below.  */
#include <assert.h>
/* Override any gcc2 internal prototype to avoid an error.  */
/* We use char because int might match the return type of a gcc2
    builtin and then its argument prototype would still apply.  */
char getmntinfo();

int main() {

/* The GNU C library defines this for functions which it implements
    to always fail with ENOSYS.  Some functions are actually named
    something starting with __ and the normal name is an alias.  */
#if defined (__stub_getmntinfo) || defined (__stub___getmntinfo)
choke me
#else
getmntinfo();
#endif

; return 0; }
configure:4627: checking for strcasecmp
configure:4627: checking for srandom
configure:4655: cc -o conftest -g -O2   conftest.c  1>&5
configure:4627: checking for fchown
configure:4655: cc -o conftest -g -O2   conftest.c  1>&5
configure:4627: checking for mallinfo
configure:4655: cc -o conftest -g -O2   conftest.c  1>&5
configure:4627: checking for fdatasync
configure:4655: cc -o conftest -g -O2   conftest.c  1>&5
configure:4681: checking for socket in -lsocket
configure:4700: cc -o conftest -g -O2   conftest.c -lsocket   1>&5
/usr/bin/ld: cannot find -lsocket
collect2: ld returned 1 exit status
configure: failed program was:
#line 4689 "configure"
#include "confdefs.h"
/* Override any gcc2 internal prototype to avoid an error.  */
/* We use char because int might match the return type of a gcc2
    builtin and then its argument prototype would still apply.  */
char socket();

int main() {
socket()
; return 0; }
configure:4722: checking for optreset
configure:4782: checking whether linker accepts -static
configure:4795: cc -o conftest -g -O2   -static conftest.c  1>&5
